==2632== Memcheck, a memory error detector
==2632== Copyright (C) 2002-2022, and GNU GPL'd, by Julian Seward et al.
==2632== Using Valgrind-3.19.0 and LibVEX; rerun with -h for copyright info
==2632== Command: ./main_valgrind
==2632== Parent PID: 2488
==2632== 
==2632== 
==2632== HEAP SUMMARY:
==2632==     in use at exit: 122,880 bytes in 6 blocks
==2632==   total heap usage: 18 allocs, 12 frees, 199,680 bytes allocated
==2632== 
==2632== LEAK SUMMARY:
==2632==    definitely lost: 0 bytes in 0 blocks
==2632==    indirectly lost: 0 bytes in 0 blocks
==2632==      possibly lost: 0 bytes in 0 blocks
==2632==    still reachable: 122,880 bytes in 6 blocks
==2632==         suppressed: 0 bytes in 0 blocks
==2632== Reachable blocks (those to which a pointer was found) are not shown.
==2632== To see them, rerun with: --leak-check=full --show-leak-kinds=all
==2632== 
==2632== For lists of detected and suppressed errors, rerun with: -s
==2632== ERROR SUMMARY: 0 errors from 0 contexts (suppressed: 0 from 0)
